timestamp_ms,vmrss_kb,pss_kb,cpu_pct
timestamp_ms,vmrss_kb,pss_kb,cpu_pct
timestamp_ms,vmrss_kb,pss_kb,cpu_pct
timestamp_ms,vmrss_kb,pss_kb,cpu_pct
timestamp_ms,vmrss_kb,pss_kb,cpu_pct
timestamp_ms,vmrss_kb,pss_kb,cpu_pct
timestamp_ms,vmrss_kb,pss_kb,cpu_pct
timestamp_ms,vmrss_kb,pss_kb,cpu_pct
1772556915893,1248,1248,0.00
1772556920898,1248,1248,0.01
1772556925904,1248,1248,0.00
1772556930907,1248,1248,0.00
1772556935912,1248,1248,0.00
1772556940915,1248,1248,0.01
1772556945921,1248,1248,0.00
1772556950923,1248,1248,0.00
1772556955925,1008,1008,0.00
1772556960929,1008,1008,0.01
1772556965934,1008,1008,0.00
1772556970937,1008,1008,0.01
1772556975942,1008,1008,0.00
1772556980943,672,672,0.01
1772556985948,704,704,0.00
1772556990951,704,704,0.00
1772556995953,688,688,0.00
1772557000958,688,688,0.00
timestamp_ms,vmrss_kb,pss_kb,cpu_pct
timestamp_ms,vmrss_kb,pss_kb,cpu_pct
timestamp_ms,vmrss_kb,pss_kb,cpu_pct
1772557005961,736,736,0.01
1772557010962,736,736,0.00
1772557015968,736,736,0.01
1772557020972,736,736,0.00
1772557025975,736,736,0.01
1772557030980,736,736,0.00
1772557035984,736,736,0.01
1772557040986,736,736,0.00
1772557045991,736,736,0.00
1772557050995,736,736,0.01
1772557056001,1056,1056,0.02
1772557061004,1056,1056,0.01
1772557066006,1056,1056,0.02
1772557071010,1056,1056,0.02
1772557076013,1056,1056,0.05
1772557081017,1056,1056,0.04
1772557086022,1056,1056,0.06
1772557091025,1056,1056,0.06
1772557096029,1056,1056,0.09
1772557101035,1056,1056,0.10
1772557106040,1056,1056,0.13
1772557111040,1056,1056,0.15
1772557116046,1056,1056,0.01
1772557121049,1056,1056,0.00
1772557126052,1056,1056,0.00
1772557131056,1056,1056,0.00
1772557136058,1008,1008,0.00
