timestamp_ms,vmrss_kb,pss_kb,cpu_pct
1772552468779,0,0,0.00
1772552473784,0,0,0.00
1772552478789,0,0,0.00
1772552483795,0,0,0.00
1772552488800,0,0,0.00
1772552493803,0,0,0.00
1772552498806,0,0,0.00
1772552503812,0,0,0.00
1772552508813,0,0,0.00
1772552513819,0,0,0.00
1772552518823,0,0,0.00
1772552523828,0,0,0.00
1772552528833,0,0,0.00
1772552533839,0,0,0.00
1772552538844,0,0,0.00
1772552543849,0,0,0.00
1772552548855,0,0,0.00
1772552553859,0,0,0.00
1772552558860,0,0,0.00
1772552563863,0,0,0.00
1772552568868,0,0,0.00
1772552573874,0,0,0.00
1772552578879,0,0,0.00
1772552583881,0,0,0.00
1772552588883,0,0,0.00
1772552593886,0,0,0.00
1772552598891,0,0,0.00
1772552603896,0,0,0.00
1772552608902,0,0,0.00
1772552613907,0,0,0.00
1772552618913,0,0,0.00
1772552623917,0,0,0.00
1772552628923,0,0,0.00
1772552633929,0,0,0.00
1772552638934,0,0,0.00
1772552643939,0,0,0.00
1772552648941,0,0,0.00
1772552653943,0,0,0.00
1772552658947,0,0,0.00
1772552663949,0,0,0.00
1772552668954,0,0,0.00
1772552673958,0,0,0.00
1772552678963,0,0,0.00
1772552683964,0,0,0.00
1772552688969,0,0,0.00
1772552693970,0,0,0.00
1772552698976,0,0,0.00
1772552703981,0,0,0.00
1772552708985,0,0,0.00
1772552713985,0,0,0.00
1772552718990,0,0,0.00
1772552723993,0,0,0.00
1772552728998,0,0,0.00
1772552734001,0,0,0.00
1772552739006,0,0,0.00
1772552744009,0,0,0.00
1772552749015,0,0,0.00
1772552754020,0,0,0.00
1772552759022,0,0,0.00
1772552764026,0,0,0.00
1772552769031,0,0,0.00
1772552774036,0,0,0.00
1772552779039,0,0,0.00
1772552784044,0,0,0.00
1772552789050,0,0,0.00
1772552794051,0,0,0.00
1772552799056,0,0,0.00
1772552804061,0,0,0.00
1772552809063,0,0,0.00
1772552814064,0,0,0.00
1772552819069,0,0,0.00
1772552824072,0,0,0.00
1772552829078,0,0,0.00
1772552834081,0,0,0.00
1772552839084,0,0,0.00
1772552844085,0,0,0.00
1772552849090,0,0,0.00
1772552854092,0,0,0.00
1772552859097,0,0,0.00
1772552864102,0,0,0.00
1772552869107,0,0,0.00
1772552874112,0,0,0.00
1772552879114,0,0,0.00
1772552884119,0,0,0.00
1772552889125,0,0,0.00
1772552894130,0,0,0.00
1772552899133,0,0,0.00
1772552904135,0,0,0.00
1772552909139,0,0,0.00
1772552914144,0,0,0.00
1772552919150,0,0,0.00
1772552924154,0,0,0.00
1772552929155,0,0,0.00
1772552934161,0,0,0.00
1772552939166,0,0,0.00
1772552944168,0,0,0.00
1772552949171,0,0,0.00
1772552954175,0,0,0.00
1772552959178,0,0,0.00
1772552964180,0,0,0.00
1772552969181,0,0,0.00
1772552974182,0,0,0.00
1772552979183,0,0,0.00
1772552984188,0,0,0.00
1772552989193,0,0,0.00
1772552994199,0,0,0.00
1772552999204,0,0,0.00
1772553004207,0,0,0.00
1772553009212,0,0,0.00
1772553014215,0,0,0.00
1772553019221,0,0,0.00
1772553024226,0,0,0.00
1772553029232,0,0,0.00
1772553034238,0,0,0.00
1772553039243,0,0,0.00
1772553044248,0,0,0.00
1772553049254,0,0,0.00
1772553054259,0,0,0.00
1772553059265,0,0,0.00
1772553064270,0,0,0.00
1772553069273,0,0,0.00
1772553074279,0,0,0.00
1772553079284,0,0,0.00
1772553084289,0,0,0.00
1772553089295,0,0,0.00
1772553094300,0,0,0.00
1772553099306,0,0,0.00
